<?xml version="1.0" encoding="UTF-8"?>
<!-- Generated by org.testng.reporters.JUnitReportReporter -->
<testsuite hostname="LIN41004776" failures="0" tests="1" name="testrunner.LandingPage_TR_Excel" time="25.414" errors="0" timestamp="2023-06-08T21:51:54 IST" skipped="0">
  <testcase classname="testrunner.LandingPage_TR_Excel" name="runScenario" time="25.414"/>
  <system-out/>
</testsuite> <!-- testrunner.LandingPage_TR_Excel -->
