<?xml version="1.0" encoding="UTF-8"?>
<!-- Generated by org.testng.reporters.JUnitReportReporter -->
<testsuite hostname="LIN41004776" failures="0" tests="3" name="testrunner.LandingPage_TestRunner" time="101.720" errors="0" timestamp="2023-06-08T21:51:54 IST" skipped="0">
  <testcase classname="testrunner.LandingPage_TestRunner" name="runScenario" time="33.922"/>
  <system-out/>
  <testcase classname="testrunner.LandingPage_TestRunner" name="runScenario" time="29.645"/>
  <system-out/>
  <testcase classname="testrunner.LandingPage_TestRunner" name="runScenario" time="38.153"/>
  <system-out/>
</testsuite> <!-- testrunner.LandingPage_TestRunner -->
