<?xml version="1.0" encoding="UTF-8"?>
<!-- Generated by org.testng.reporters.JUnitReportReporter -->
<testsuite hostname="LIN41004776" failures="0" tests="2" name="testrunner.LandingPage_TestRunner2" time="51.588" errors="0" timestamp="2023-06-08T21:51:54 IST" skipped="0">
  <testcase classname="testrunner.LandingPage_TestRunner2" name="runScenario" time="29.385"/>
  <system-out/>
  <testcase classname="testrunner.LandingPage_TestRunner2" name="runScenario" time="22.203"/>
  <system-out/>
</testsuite> <!-- testrunner.LandingPage_TestRunner2 -->
