<?xml version="1.0" encoding="UTF-8"?>
<!-- Generated by org.testng.reporters.JUnitReportReporter -->
<testsuite hostname="LIN41004776" failures="0" tests="2" name="testrunner.LandingPage_TestRunner2" time="39.029" errors="0" timestamp="2023-06-21T12:03:02 IST" skipped="0">
  <testcase classname="testrunner.LandingPage_TestRunner2" name="runScenario" time="12.901"/>
  <system-out/>
  <testcase classname="testrunner.LandingPage_TestRunner2" name="runScenario" time="26.128"/>
  <system-out/>
</testsuite> <!-- testrunner.LandingPage_TestRunner2 -->
