<?xml version="1.0" encoding="UTF-8"?>
<!-- Generated by org.testng.reporters.JUnitReportReporter -->
<testsuite hostname="LIN41004776" failures="0" tests="3" name="testrunner.LandingPage_TestRunner" time="195.353" errors="0" timestamp="2023-06-23T14:15:48 IST" skipped="0">
  <testcase classname="testrunner.LandingPage_TestRunner" name="runScenario" time="90.109"/>
  <system-out/>
  <testcase classname="testrunner.LandingPage_TestRunner" name="runScenario" time="33.794"/>
  <system-out/>
  <testcase classname="testrunner.LandingPage_TestRunner" name="runScenario" time="71.450"/>
  <system-out/>
</testsuite> <!-- testrunner.LandingPage_TestRunner -->
