<?xml version="1.0" encoding="UTF-8"?>
<!-- Generated by org.testng.reporters.JUnitReportReporter -->
<testsuite hostname="LIN41004776" failures="0" tests="3" name="testrunner.LandingPage_TestRunner" time="75.408" errors="0" timestamp="2023-06-08T10:33:44 IST" skipped="0">
  <testcase classname="testrunner.LandingPage_TestRunner" name="runScenario" time="35.856"/>
  <system-out/>
  <testcase classname="testrunner.LandingPage_TestRunner" name="runScenario" time="19.132"/>
  <system-out/>
  <testcase classname="testrunner.LandingPage_TestRunner" name="runScenario" time="20.420"/>
  <system-out/>
</testsuite> <!-- testrunner.LandingPage_TestRunner -->
