<?xml version="1.0" encoding="UTF-8"?>
<!-- Generated by org.testng.reporters.JUnitReportReporter -->
<testsuite hostname="LIN41004776" failures="0" tests="3" name="testrunner.LandingPage_TestRunner" time="96.214" errors="0" timestamp="2023-06-09T09:53:13 IST" skipped="0">
  <testcase classname="testrunner.LandingPage_TestRunner" name="runScenario" time="32.046"/>
  <system-out/>
  <testcase classname="testrunner.LandingPage_TestRunner" name="runScenario" time="23.832"/>
  <system-out/>
  <testcase classname="testrunner.LandingPage_TestRunner" name="runScenario" time="40.336"/>
  <system-out/>
</testsuite> <!-- testrunner.LandingPage_TestRunner -->
