<?xml version="1.0" encoding="UTF-8"?>
<!-- Generated by org.testng.reporters.JUnitReportReporter -->
<testsuite hostname="LIN41004776" failures="0" tests="2" name="testrunner.LandingPage_TestRunner2" time="55.388" errors="0" timestamp="2023-06-09T09:53:13 IST" skipped="0">
  <testcase classname="testrunner.LandingPage_TestRunner2" name="runScenario" time="24.499"/>
  <system-out/>
  <testcase classname="testrunner.LandingPage_TestRunner2" name="runScenario" time="30.889"/>
  <system-out/>
</testsuite> <!-- testrunner.LandingPage_TestRunner2 -->
